<?xml version="1.0" encoding="UTF-8"?>
<!-- Generated by org.testng.reporters.JUnitReportReporter -->
<testsuite hostname="DESKTOP-96AVIRC" failures="0" tests="1" name="com.HybridFrameworkStructure.TestCases.TC_AddCustomerTest_003" time="23.858" errors="0" timestamp="2023-11-29T16:55:11 IST" skipped="0">
  <testcase classname="com.HybridFrameworkStructure.TestCases.TC_AddCustomerTest_003" name="AddnewCustomer" time="23.858"/>
</testsuite> <!-- com.HybridFrameworkStructure.TestCases.TC_AddCustomerTest_003 -->
