<?xml version="1.0" encoding="UTF-8"?>
<!-- Generated by org.testng.reporters.JUnitReportReporter -->
<testsuite hostname="DESKTOP-96AVIRC" failures="0" tests="1" name="com.HybridFrameworkStructure.TestCases.TC_LoginTest_001" time="4.357" errors="0" timestamp="2023-11-29T17:00:09 IST" skipped="0">
  <testcase classname="com.HybridFrameworkStructure.TestCases.TC_LoginTest_001" name="loginTest" time="4.357"/>
</testsuite> <!-- com.HybridFrameworkStructure.TestCases.TC_LoginTest_001 -->
